[2026-06-19 02:09:53] [INFO] Logger initialized
[2026-06-19 02:09:53] [INFO] Connected to database
[2026-06-19 02:09:53] [INFO] Application started
[2026-06-19 02:09:53] [ERROR] Query failed: ОШИБКА:  безымянный подготовленный оператор не существует
(26000) QPSQL: Unable to send query
SQL: 
        SELECT
            з.id_звонка,
            з.дата,
            з.длительность,
            з.время_суток,
            а1.название AS отправитель,
            а2.название AS получатель,
            г1.название_города AS город_отправления,
            г2.название_города AS город_назначения,
            т.стоимость_минуты,
            COALESCE(п.размер_скидки, 0) AS размер_скидки,
            (з.длительность * т.стоимость_минуты *
             (100 - COALESCE(п.размер_скидки, 0)) / 100) AS итоговая_стоимость
        FROM Звонки з
        JOIN Абоненты а1 ON з.id_абонента_отправитель = а1.id_абонента
        JOIN Города г1 ON а1.id_города = г1.id_города
        JOIN Абоненты а2 ON з.id_абонента_получатель = а2.id_абонента
        JOIN Города г2 ON а2.id_города = г2.id_города
        JOIN Тарифы т ON г1.id_города = т.id_города_отправления
                     AND г2.id_города = т.id_города_назначения
                     AND з.время_суток = т.время_суток
        LEFT JOIN Правила_скидок п ON з.id_правила_скидки = п.id_правила
        WHERE 1=1
     AND з.дата >= ? AND з.дата <= ? ORDER BY з.дата DESC, з.id_звонка DESC
[2026-06-19 02:09:53] [INFO] Loaded 0 calls
[2026-06-19 02:12:23] [ERROR] Query failed: ОШИБКА:  безымянный подготовленный оператор не существует
(26000) QPSQL: Unable to send query
SQL: SELECT * FROM Пользователи WHERE логин = ?
[2026-06-19 02:15:17] [INFO] Disconnected from database
[2026-06-19 02:15:17] [INFO] Application finished
[2026-06-19 02:15:56] [INFO] Logger initialized
[2026-06-19 02:15:56] [INFO] Connected to database
[2026-06-19 02:15:56] [INFO] Application started
[2026-06-19 02:15:56] [ERROR] Query failed: ОШИБКА:  безымянный подготовленный оператор не существует
(26000) QPSQL: Unable to send query
SQL: 
        SELECT
            з.id_звонка,
            з.дата,
            з.длительность,
            з.время_суток,
            а1.название AS отправитель,
            а2.название AS получатель,
            г1.название_города AS город_отправления,
            г2.название_города AS город_назначения,
            т.стоимость_минуты,
            COALESCE(п.размер_скидки, 0) AS размер_скидки,
            (з.длительность * т.стоимость_минуты *
             (100 - COALESCE(п.размер_скидки, 0)) / 100) AS итоговая_стоимость
        FROM Звонки з
        JOIN Абоненты а1 ON з.id_абонента_отправитель = а1.id_абонента
        JOIN Города г1 ON а1.id_города = г1.id_города
        JOIN Абоненты а2 ON з.id_абонента_получатель = а2.id_абонента
        JOIN Города г2 ON а2.id_города = г2.id_города
        JOIN Тарифы т ON г1.id_города = т.id_города_отправления
                     AND г2.id_города = т.id_города_назначения
                     AND з.время_суток = т.время_суток
        LEFT JOIN Правила_скидок п ON з.id_правила_скидки = п.id_правила
        WHERE 1=1
     AND з.дата >= ? AND з.дата <= ? ORDER BY з.дата DESC, з.id_звонка DESC
[2026-06-19 02:15:56] [INFO] Loaded 0 calls
[2026-06-19 02:16:11] [ERROR] Query failed: ОШИБКА:  безымянный подготовленный оператор не существует
(26000) QPSQL: Unable to send query
SQL: SELECT * FROM Пользователи WHERE логин = ?
[2026-06-19 02:16:43] [ERROR] Query failed: ОШИБКА:  безымянный подготовленный оператор не существует
(26000) QPSQL: Unable to send query
SQL: SELECT * FROM Пользователи WHERE логин = ?
[2026-06-19 02:19:46] [INFO] Disconnected from database
[2026-06-19 02:19:46] [INFO] Application finished
